04-04-2024 13:09:41: Server is up and running on http://localhost:5000
04-04-2024 13:10:05: Server is up and running on http://localhost:5000
04-04-2024 13:10:20: Server is up and running on http://localhost:5000
04-04-2024 13:10:22: Server is up and running on http://localhost:5000
04-04-2024 13:10:24: Server is up and running on http://localhost:5000
04-04-2024 13:10:26: Server is up and running on http://localhost:5000
04-04-2024 13:10:28: Server is up and running on http://localhost:5000
04-04-2024 13:10:30: Server is up and running on http://localhost:5000
04-04-2024 13:10:35: Server is up and running on http://localhost:5000
04-04-2024 13:10:37: Server is up and running on http://localhost:5000
04-04-2024 13:10:44: Server is up and running on http://localhost:5000
04-04-2024 13:10:46: Server is up and running on http://localhost:5000
04-04-2024 13:11:16: Server is up and running on http://localhost:5000
04-04-2024 13:12:08: Connected to the database
04-04-2024 13:12:08: Connected to the database
04-04-2024 13:12:42: Connected to the database
04-04-2024 13:12:42: Connected to the database
04-04-2024 13:12:42: Connected to the database
04-04-2024 13:13:09: Connected to the database
04-04-2024 13:13:09: Connected to the database
04-04-2024 13:13:39: Connected to the database
04-04-2024 13:13:40: Connected to the database
04-04-2024 13:13:40: Connected to the database
04-04-2024 13:13:40: Connected to the database
04-04-2024 13:13:40: Connected to the database
04-04-2024 13:13:40: Connected to the database
04-04-2024 13:14:14: Server is up and running on http://localhost:5000
04-04-2024 13:14:16: Server is up and running on http://localhost:5000
04-04-2024 13:14:24: Server is up and running on http://localhost:5000
04-04-2024 13:14:27: Server is up and running on http://localhost:5000
04-04-2024 13:14:51: Server is up and running on http://localhost:5000
04-04-2024 13:15: Server is up and running on http://localhost:5000
04-04-2024 13:15: Server is up and running on http://localhost:5000
04-04-2024 13:16: Connected to the database
04-04-2024 13:16: Connected to the database
04-04-2024 13:16: Server is up and running on http://localhost:5000
04-04-2024 13:17: Server is up and running on http://localhost:5000
04-04-2024 13:17: Server is up and running on http://localhost:5000
04-04-2024 13:19: Server is up and running on http://localhost:5000
04-04-2024 13:19: Server is up and running on http://localhost:5000
04-04-2024 13:19: Server is up and running on http://localhost:5000
04-04-2024 13:19: Server is up and running on http://localhost:5000
04-04-2024 13:20: Server is up and running on http://localhost:5000
04-04-2024 13:20: Server is up and running on http://localhost:5000
04-04-2024 13:20: Server is up and running on http://localhost:5000
04-04-2024 13:20: Server is up and running on http://localhost:5000
04-04-2024 13:21: Server is up and running on http://localhost:5000
04-04-2024 13:23: Server is up and running on http://localhost:5000
04-04-2024 13:24: Server is up and running on http://localhost:5000
04-04-2024 13:24: Server is up and running on http://localhost:5000
04-04-2024 13:24: Server is up and running on http://localhost:5000
04-04-2024 13:24: Server is up and running on http://localhost:5000
04-04-2024 13:24: Server is up and running on http://localhost:5000
04-04-2024 13:25: Connected to the database
04-04-2024 13:25: Connected to the database
04-04-2024 13:25: Connected to the database
04-04-2024 13:25: Connected to the database
04-04-2024 13:25: Connected to the database
04-04-2024 13:25: Connected to the database
04-04-2024 13:26: Server is up and running on http://localhost:5000
04-04-2024 13:26: Connected to the database
04-04-2024 13:26: Connected to the database
04-04-2024 13:26: Connected to the database
04-04-2024 13:26: Connected to the database
04-04-2024 13:26: Connected to the database
04-04-2024 13:26: Connected to the database
04-04-2024 13:26: Server is up and running on http://localhost:5000
04-04-2024 13:27: Connected to the database
04-04-2024 13:27: Connected to the database
04-04-2024 13:27: Connected to the database
04-04-2024 13:27: Connected to the database
04-04-2024 13:27: Connected to the database
04-04-2024 13:27: Connected to the database
04-04-2024 13:27: Connected to the database
04-04-2024 13:27: Connected to the database
04-04-2024 13:27: Connected to the database
04-04-2024 13:27: Server is up and running on http://localhost:5000
04-04-2024 13:32: Server is up and running on http://localhost:5000
04-04-2024 13:32: Server is up and running on http://localhost:5000
04-04-2024 13:34: [error] "2024-04-04T08:04:07.075Z"  "could not load plugin C:\\Users\\nabeel\\AppData\\Roaming\\npm\\node_modules\\pm2\\node_modules\\@pm2\\io\\build\\main\\census\\plugins\\pg of module pg. Error: Cannot read properties of null (reading 'client')"
04-04-2024 13:34: Server is up and running on http://localhost:5000
04-04-2024 13:34: [error] "2024-04-04T08:04:07.864Z"  "could not load plugin C:\\Users\\nabeel\\AppData\\Roaming\\npm\\node_modules\\pm2\\node_modules\\@pm2\\io\\build\\main\\census\\plugins\\pg of module pg. Error: Cannot read properties of null (reading 'client')"
04-04-2024 13:34: Server is up and running on http://localhost:5000
04-04-2024 13:34: [error] "2024-04-04T08:04:17.059Z"  "could not load plugin C:\\Users\\nabeel\\AppData\\Roaming\\npm\\node_modules\\pm2\\node_modules\\@pm2\\io\\build\\main\\census\\plugins\\pg of module pg. Error: Cannot read properties of null (reading 'client')"
04-04-2024 13:34: Server is up and running on http://localhost:5000
04-04-2024 14:23: [error] "2024-04-04T08:53:05.146Z"  "could not load plugin C:\\Users\\nabeel\\AppData\\Roaming\\npm\\node_modules\\pm2\\node_modules\\@pm2\\io\\build\\main\\census\\plugins\\pg of module pg. Error: Cannot read properties of null (reading 'client')"
04-04-2024 14:23: Server is up and running on http://localhost:5000
04-04-2024 14:23: Connected to the database
04-04-2024 14:23: Connected to the database
04-04-2024 14:23: Connected to the database
04-04-2024 14:23: Connected to the database
04-04-2024 14:23: Connected to the database
04-04-2024 14:23: Connected to the database
04-04-2024 14:23: Connected to the database
04-04-2024 14:23: Connected to the database
04-04-2024 14:23: Connected to the database
04-04-2024 14:23: Connected to the database
04-04-2024 14:23: Connected to the database
04-04-2024 14:23: Connected to the database
